2021-12-11 20:12:40 format          DEBUG         Debug Message user_id: 1 tr_id: 2 param_id: 3 err_id: 1
2021-12-11 20:12:40 format          INFO          Info Message user_id: 1 tr_id: 2 param_id: 3 err_id: 1
2021-12-11 20:12:40 format          WARNING       Warning Message user_id: 1 tr_id: 2 param_id: 3 err_id: 1
2021-12-11 20:12:40 format          ERROR         Error Message user_id: 1 tr_id: 2 param_id: 3 err_id: 1
2021-12-11 20:12:40 format          CRITICAL      Critical Message user_id: 1 tr_id: 2 param_id: 3 err_id: 1
2021-12-11 20:12:40 format          CRITICAL      Critical Message user_id: 1 tr_id: 2 param_id: 3
2021-12-11 20:12:40 format          CRITICAL      Error Message user_id: 04f41025-3fc9-400a-bb40-661440fbdea6 tr_id: ID0001
2021-12-11 21:08:01 format          DEBUG         Debug Message user_id: 1 tr_id: 2 param_id: 3 err_id: 1
2021-12-11 21:08:01 format          INFO          Info Message user_id: 1 tr_id: 2 param_id: 3 err_id: 1
2021-12-11 21:08:01 format          WARNING       Warning Message user_id: 1 tr_id: 2 param_id: 3 err_id: 1
2021-12-11 21:08:01 format          ERROR         Error Message user_id: 1 tr_id: 2 param_id: 3 err_id: 1
2021-12-11 21:08:01 format          CRITICAL      Critical Message user_id: 1 tr_id: 2 param_id: 3 err_id: 1
2021-12-11 21:08:01 format          CRITICAL      Critical Message user_id: 1 tr_id: 2 param_id: 3
2021-12-11 21:08:01 format          CRITICAL      Error Message user_id: be4dc00e-c572-4a51-9409-1ae319275c8d tr_id: ID0001
2021-12-13 23:37:44 format          DEBUG         Debug Message user_id: 1 tr_id: 2 param_id: 3 err_id: 1
2021-12-13 23:37:44 format          INFO          Info Message user_id: 1 tr_id: 2 param_id: 3 err_id: 1
2021-12-13 23:37:44 format          WARNING       Warning Message user_id: 1 tr_id: 2 param_id: 3 err_id: 1
2021-12-13 23:37:44 format          ERROR         Error Message user_id: 1 tr_id: 2 param_id: 3 err_id: 1
2021-12-13 23:37:44 format          CRITICAL      Critical Message user_id: 1 tr_id: 2 param_id: 3 err_id: 1
2021-12-13 23:37:44 format          CRITICAL      Critical Message user_id: 1 tr_id: 2 param_id: 3
2021-12-13 23:37:44 format          CRITICAL      Error Message user_id: 7cbed626-c3ef-4705-86e7-3debc0b8e5b6 tr_id: ID0001
2021-12-13 23:39:54 format          DEBUG         Debug Message user_id: 1 tr_id: 2 param_id: 3 err_id: 1
2021-12-13 23:39:54 format          INFO          Info Message user_id: 1 tr_id: 2 param_id: 3 err_id: 1
2021-12-13 23:39:54 format          WARNING       Warning Message user_id: 1 tr_id: 2 param_id: 3 err_id: 1
2021-12-13 23:39:54 format          ERROR         Error Message user_id: 1 tr_id: 2 param_id: 3 err_id: 1
2021-12-13 23:39:54 format          CRITICAL      Critical Message user_id: 1 tr_id: 2 param_id: 3 err_id: 1
2021-12-13 23:39:54 format          CRITICAL      Critical Message user_id: 1 tr_id: 2 param_id: 3
2021-12-13 23:39:54 format          CRITICAL      Error Message user_id: ac86ac93-2305-43f0-9323-69c812861ec3 tr_id: ID0001
2021-12-13 23:40:08 format          DEBUG         Debug Message user_id: 1 tr_id: 2 param_id: 3 err_id: 1
2021-12-13 23:40:08 format          INFO          Info Message user_id: 1 tr_id: 2 param_id: 3 err_id: 1
2021-12-13 23:40:08 format          WARNING       Warning Message user_id: 1 tr_id: 2 param_id: 3 err_id: 1
2021-12-13 23:40:08 format          ERROR         Error Message user_id: 1 tr_id: 2 param_id: 3 err_id: 1
2021-12-13 23:40:08 format          CRITICAL      Critical Message user_id: 1 tr_id: 2 param_id: 3 err_id: 1
2021-12-13 23:40:08 format          CRITICAL      Critical Message user_id: 1 tr_id: 2 param_id: 3
2021-12-13 23:40:08 format          CRITICAL      Error Message user_id: 54f9f0d5-71f6-4ee4-bb8b-bf7f0b2a20ab tr_id: ID0001
2021-12-13 23:40:18 format          DEBUG         Debug Message user_id: 1 tr_id: 2 param_id: 3 err_id: 1
2021-12-13 23:40:18 format          INFO          Info Message user_id: 1 tr_id: 2 param_id: 3 err_id: 1
2021-12-13 23:40:18 format          WARNING       Warning Message user_id: 1 tr_id: 2 param_id: 3 err_id: 1
2021-12-13 23:40:18 format          ERROR         Error Message user_id: 1 tr_id: 2 param_id: 3 err_id: 1
2021-12-13 23:40:18 format          CRITICAL      Critical Message user_id: 1 tr_id: 2 param_id: 3 err_id: 1
2021-12-13 23:40:18 format          CRITICAL      Critical Message user_id: 1 tr_id: 2 param_id: 3
2021-12-13 23:40:18 format          CRITICAL      Error Message user_id: 2a566c9e-4190-45da-91bc-994c3cba3121 tr_id: ID0001
2021-12-13 23:40:24 format          DEBUG         Debug Message user_id: 1 tr_id: 2 param_id: 3 err_id: 1
2021-12-13 23:40:24 format          INFO          Info Message user_id: 1 tr_id: 2 param_id: 3 err_id: 1
2021-12-13 23:40:24 format          WARNING       Warning Message user_id: 1 tr_id: 2 param_id: 3 err_id: 1
2021-12-13 23:40:24 format          ERROR         Error Message user_id: 1 tr_id: 2 param_id: 3 err_id: 1
2021-12-13 23:40:24 format          CRITICAL      Critical Message user_id: 1 tr_id: 2 param_id: 3 err_id: 1
2021-12-13 23:40:24 format          CRITICAL      Critical Message user_id: 1 tr_id: 2 param_id: 3
2021-12-13 23:40:24 format          CRITICAL      Error Message user_id: 62583383-7808-4afd-82ab-490434c3e225 tr_id: ID0001
2021-12-13 23:40:31 format          DEBUG         Debug Message user_id: 1 tr_id: 2 param_id: 3 err_id: 1
2021-12-13 23:40:31 format          INFO          Info Message user_id: 1 tr_id: 2 param_id: 3 err_id: 1
2021-12-13 23:40:31 format          WARNING       Warning Message user_id: 1 tr_id: 2 param_id: 3 err_id: 1
2021-12-13 23:40:31 format          ERROR         Error Message user_id: 1 tr_id: 2 param_id: 3 err_id: 1
2021-12-13 23:40:31 format          CRITICAL      Critical Message user_id: 1 tr_id: 2 param_id: 3 err_id: 1
2021-12-13 23:40:31 format          CRITICAL      Critical Message user_id: 1 tr_id: 2 param_id: 3
2021-12-13 23:40:31 format          CRITICAL      Error Message user_id: 1b3c368e-e98f-4b0a-8247-b601229501d9 tr_id: ID0001
2021-12-13 23:40:34 format          DEBUG         Debug Message user_id: 1 tr_id: 2 param_id: 3 err_id: 1
2021-12-13 23:40:34 format          INFO          Info Message user_id: 1 tr_id: 2 param_id: 3 err_id: 1
2021-12-13 23:40:34 format          WARNING       Warning Message user_id: 1 tr_id: 2 param_id: 3 err_id: 1
2021-12-13 23:40:34 format          ERROR         Error Message user_id: 1 tr_id: 2 param_id: 3 err_id: 1
2021-12-13 23:40:34 format          CRITICAL      Critical Message user_id: 1 tr_id: 2 param_id: 3 err_id: 1
2021-12-13 23:40:34 format          CRITICAL      Critical Message user_id: 1 tr_id: 2 param_id: 3
2021-12-13 23:40:34 format          CRITICAL      Error Message user_id: e22d59d8-0dea-4c8b-931f-9d374efa94aa tr_id: ID0001
2021-12-13 23:41:05 format          DEBUG         Debug Message user_id: 1 tr_id: 2 param_id: 3 err_id: 1
2021-12-13 23:41:05 format          INFO          Info Message user_id: 1 tr_id: 2 param_id: 3 err_id: 1
2021-12-13 23:41:05 format          WARNING       Warning Message user_id: 1 tr_id: 2 param_id: 3 err_id: 1
2021-12-13 23:41:05 format          ERROR         Error Message user_id: 1 tr_id: 2 param_id: 3 err_id: 1
2021-12-13 23:41:05 format          CRITICAL      Critical Message user_id: 1 tr_id: 2 param_id: 3 err_id: 1
2021-12-13 23:41:05 format          CRITICAL      Critical Message user_id: 1 tr_id: 2 param_id: 3
2021-12-13 23:41:05 format          CRITICAL      Error Message user_id: 96e36e16-59a0-40a1-9450-6c3113a5475b tr_id: ID0001
2021-12-13 23:41:09 format          DEBUG         Debug Message user_id: 1 tr_id: 2 param_id: 3 err_id: 1
2021-12-13 23:41:09 format          INFO          Info Message user_id: 1 tr_id: 2 param_id: 3 err_id: 1
2021-12-13 23:41:09 format          WARNING       Warning Message user_id: 1 tr_id: 2 param_id: 3 err_id: 1
2021-12-13 23:41:09 format          ERROR         Error Message user_id: 1 tr_id: 2 param_id: 3 err_id: 1
2021-12-13 23:41:09 format          CRITICAL      Critical Message user_id: 1 tr_id: 2 param_id: 3 err_id: 1
2021-12-13 23:41:09 format          CRITICAL      Critical Message user_id: 1 tr_id: 2 param_id: 3
2021-12-13 23:41:09 format          CRITICAL      Error Message user_id: 2bd47eaa-b86b-4abb-80fa-c99e47af9c8d tr_id: ID0001
2021-12-13 23:41:16 format          DEBUG         Debug Message user_id: 1 tr_id: 2 param_id: 3 err_id: 1
2021-12-13 23:41:16 format          INFO          Info Message user_id: 1 tr_id: 2 param_id: 3 err_id: 1
2021-12-13 23:41:16 format          WARNING       Warning Message user_id: 1 tr_id: 2 param_id: 3 err_id: 1
2021-12-13 23:41:16 format          ERROR         Error Message user_id: 1 tr_id: 2 param_id: 3 err_id: 1
2021-12-13 23:41:16 format          CRITICAL      Critical Message user_id: 1 tr_id: 2 param_id: 3 err_id: 1
2021-12-13 23:41:16 format          CRITICAL      Critical Message user_id: 1 tr_id: 2 param_id: 3
2021-12-13 23:41:16 format          CRITICAL      Error Message user_id: 6c3f8d42-63a2-4e0b-b65f-cd1dfa565e55 tr_id: ID0001
2021-12-14 00:43:43 format          DEBUG         Debug Message user_id: 1 tr_id: 2 param_id: 3 err_id: 1
2021-12-14 00:43:43 format          INFO          Info Message user_id: 1 tr_id: 2 param_id: 3 err_id: 1
2021-12-14 00:43:43 format          WARNING       Warning Message user_id: 1 tr_id: 2 param_id: 3 err_id: 1
2021-12-14 00:43:43 format          ERROR         Error Message user_id: 1 tr_id: 2 param_id: 3 err_id: 1
2021-12-14 00:43:43 format          CRITICAL      Critical Message user_id: 1 tr_id: 2 param_id: 3 err_id: 1
2021-12-14 00:43:43 format          CRITICAL      Critical Message user_id: 1 tr_id: 2 param_id: 3
2021-12-14 00:43:43 format          CRITICAL      Error Message user_id: a0e0acfe-3526-4485-b279-d049cf0f552b tr_id: ID0001
2021-12-14 00:44:00 format          DEBUG         Debug Message user_id: 1 tr_id: 2 param_id: 3 err_id: 1
2021-12-14 00:44:00 format          INFO          Info Message user_id: 1 tr_id: 2 param_id: 3 err_id: 1
2021-12-14 00:44:00 format          WARNING       Warning Message user_id: 1 tr_id: 2 param_id: 3 err_id: 1
2021-12-14 00:44:00 format          ERROR         Error Message user_id: 1 tr_id: 2 param_id: 3 err_id: 1
2021-12-14 00:44:00 format          CRITICAL      Critical Message user_id: 1 tr_id: 2 param_id: 3 err_id: 1
2021-12-14 00:44:00 format          CRITICAL      Critical Message user_id: 1 tr_id: 2 param_id: 3
2021-12-14 00:44:00 format          CRITICAL      Error Message user_id: 7a3c4fbf-2e54-43fc-abd2-f6d64ddc2a01 tr_id: ID0001
2021-12-14 00:44:16 format          DEBUG         Debug Message user_id: 1 tr_id: 2 param_id: 3 err_id: 1
2021-12-14 00:44:16 format          INFO          Info Message user_id: 1 tr_id: 2 param_id: 3 err_id: 1
2021-12-14 00:44:16 format          WARNING       Warning Message user_id: 1 tr_id: 2 param_id: 3 err_id: 1
2021-12-14 00:44:16 format          ERROR         Error Message user_id: 1 tr_id: 2 param_id: 3 err_id: 1
2021-12-14 00:44:16 format          CRITICAL      Critical Message user_id: 1 tr_id: 2 param_id: 3 err_id: 1
2021-12-14 00:44:16 format          CRITICAL      Critical Message user_id: 1 tr_id: 2 param_id: 3
2021-12-14 00:44:16 format          CRITICAL      Error Message user_id: 6a2a13db-a331-41a4-8851-838395ee96c1 tr_id: ID0001
2021-12-14 00:44:46 format          DEBUG         Debug Message user_id: 1 tr_id: 2 param_id: 3 err_id: 1
2021-12-14 00:44:46 format          INFO          Info Message user_id: 1 tr_id: 2 param_id: 3 err_id: 1
2021-12-14 00:44:46 format          WARNING       Warning Message user_id: 1 tr_id: 2 param_id: 3 err_id: 1
2021-12-14 00:44:46 format          ERROR         Error Message user_id: 1 tr_id: 2 param_id: 3 err_id: 1
2021-12-14 00:44:46 format          CRITICAL      Critical Message user_id: 1 tr_id: 2 param_id: 3 err_id: 1
2021-12-14 00:44:46 format          CRITICAL      Critical Message user_id: 1 tr_id: 2 param_id: 3
2021-12-14 00:44:46 format          CRITICAL      Error Message user_id: 355d3e65-be66-412c-a152-94e023c32dc7 tr_id: ID0001
2021-12-14 00:45:20 format          DEBUG         Debug Message user_id: 1 tr_id: 2 param_id: 3 err_id: 1
2021-12-14 00:45:20 format          INFO          Info Message user_id: 1 tr_id: 2 param_id: 3 err_id: 1
2021-12-14 00:45:20 format          WARNING       Warning Message user_id: 1 tr_id: 2 param_id: 3 err_id: 1
2021-12-14 00:45:20 format          ERROR         Error Message user_id: 1 tr_id: 2 param_id: 3 err_id: 1
2021-12-14 00:45:20 format          CRITICAL      Critical Message user_id: 1 tr_id: 2 param_id: 3 err_id: 1
2021-12-14 00:45:20 format          CRITICAL      Critical Message user_id: 1 tr_id: 2 param_id: 3
2021-12-14 00:45:20 format          CRITICAL      Error Message user_id: 48612cb8-b77e-43ca-8083-a6a0c2cef8ee tr_id: ID0001
2021-12-14 00:45:27 format          DEBUG         Debug Message user_id: 1 tr_id: 2 param_id: 3 err_id: 1
2021-12-14 00:45:27 format          INFO          Info Message user_id: 1 tr_id: 2 param_id: 3 err_id: 1
2021-12-14 00:45:27 format          WARNING       Warning Message user_id: 1 tr_id: 2 param_id: 3 err_id: 1
2021-12-14 00:45:27 format          ERROR         Error Message user_id: 1 tr_id: 2 param_id: 3 err_id: 1
2021-12-14 00:45:27 format          CRITICAL      Critical Message user_id: 1 tr_id: 2 param_id: 3 err_id: 1
2021-12-14 00:45:27 format          CRITICAL      Critical Message user_id: 1 tr_id: 2 param_id: 3
2021-12-14 00:45:27 format          CRITICAL      Error Message user_id: 60891aa9-ce12-4d82-be88-ec05cae7fc18 tr_id: ID0001
2021-12-14 00:45:31 format          DEBUG         Debug Message user_id: 1 tr_id: 2 param_id: 3 err_id: 1
2021-12-14 00:45:31 format          INFO          Info Message user_id: 1 tr_id: 2 param_id: 3 err_id: 1
2021-12-14 00:45:31 format          WARNING       Warning Message user_id: 1 tr_id: 2 param_id: 3 err_id: 1
2021-12-14 00:45:31 format          ERROR         Error Message user_id: 1 tr_id: 2 param_id: 3 err_id: 1
2021-12-14 00:45:31 format          CRITICAL      Critical Message user_id: 1 tr_id: 2 param_id: 3 err_id: 1
2021-12-14 00:45:31 format          CRITICAL      Critical Message user_id: 1 tr_id: 2 param_id: 3
2021-12-14 00:45:31 format          CRITICAL      Error Message user_id: 653caf74-baa1-4ad3-8980-bee9fef4edb1 tr_id: ID0001
2021-12-14 00:45:34 format          DEBUG         Debug Message user_id: 1 tr_id: 2 param_id: 3 err_id: 1
2021-12-14 00:45:34 format          INFO          Info Message user_id: 1 tr_id: 2 param_id: 3 err_id: 1
2021-12-14 00:45:34 format          WARNING       Warning Message user_id: 1 tr_id: 2 param_id: 3 err_id: 1
2021-12-14 00:45:34 format          ERROR         Error Message user_id: 1 tr_id: 2 param_id: 3 err_id: 1
2021-12-14 00:45:34 format          CRITICAL      Critical Message user_id: 1 tr_id: 2 param_id: 3 err_id: 1
2021-12-14 00:45:34 format          CRITICAL      Critical Message user_id: 1 tr_id: 2 param_id: 3
2021-12-14 00:45:34 format          CRITICAL      Error Message user_id: 54cb006c-d6a9-42c6-a423-61366c24eb1e tr_id: ID0001
2021-12-14 00:45:39 format          DEBUG         Debug Message user_id: 1 tr_id: 2 param_id: 3 err_id: 1
2021-12-14 00:45:39 format          INFO          Info Message user_id: 1 tr_id: 2 param_id: 3 err_id: 1
2021-12-14 00:45:39 format          WARNING       Warning Message user_id: 1 tr_id: 2 param_id: 3 err_id: 1
2021-12-14 00:45:39 format          ERROR         Error Message user_id: 1 tr_id: 2 param_id: 3 err_id: 1
2021-12-14 00:45:39 format          CRITICAL      Critical Message user_id: 1 tr_id: 2 param_id: 3 err_id: 1
2021-12-14 00:45:39 format          CRITICAL      Critical Message user_id: 1 tr_id: 2 param_id: 3
2021-12-14 00:45:39 format          CRITICAL      Error Message user_id: a2477d5c-7b40-49fe-870d-8e3677aa5ecc tr_id: ID0001
2021-12-14 00:48:36 format          DEBUG         Debug Message user_id: 1 tr_id: 2 param_id: 3 err_id: 1
2021-12-14 00:48:36 format          INFO          Info Message user_id: 1 tr_id: 2 param_id: 3 err_id: 1
2021-12-14 00:48:36 format          WARNING       Warning Message user_id: 1 tr_id: 2 param_id: 3 err_id: 1
2021-12-14 00:48:36 format          ERROR         Error Message user_id: 1 tr_id: 2 param_id: 3 err_id: 1
2021-12-14 00:48:36 format          CRITICAL      Critical Message user_id: 1 tr_id: 2 param_id: 3 err_id: 1
2021-12-14 00:48:36 format          CRITICAL      Critical Message user_id: 1 tr_id: 2 param_id: 3
2021-12-14 00:48:36 format          CRITICAL      Error Message user_id: b18850b1-e846-40e8-ab57-1184be04d88d tr_id: ID0001
2021-12-14 00:49:07 format          DEBUG         Debug Message user_id: 1 tr_id: 2 param_id: 3 err_id: 1
2021-12-14 00:49:07 format          INFO          Info Message user_id: 1 tr_id: 2 param_id: 3 err_id: 1
2021-12-14 00:49:07 format          WARNING       Warning Message user_id: 1 tr_id: 2 param_id: 3 err_id: 1
2021-12-14 00:49:07 format          ERROR         Error Message user_id: 1 tr_id: 2 param_id: 3 err_id: 1
2021-12-14 00:49:07 format          CRITICAL      Critical Message user_id: 1 tr_id: 2 param_id: 3 err_id: 1
2021-12-14 00:49:07 format          CRITICAL      Critical Message user_id: 1 tr_id: 2 param_id: 3
2021-12-14 00:49:07 format          CRITICAL      Error Message user_id: d62daf1c-8bb6-4065-bedd-f057182b01bf tr_id: ID0001
2021-12-14 00:49:12 format          DEBUG         Debug Message user_id: 1 tr_id: 2 param_id: 3 err_id: 1
2021-12-14 00:49:12 format          INFO          Info Message user_id: 1 tr_id: 2 param_id: 3 err_id: 1
2021-12-14 00:49:12 format          WARNING       Warning Message user_id: 1 tr_id: 2 param_id: 3 err_id: 1
2021-12-14 00:49:12 format          ERROR         Error Message user_id: 1 tr_id: 2 param_id: 3 err_id: 1
2021-12-14 00:49:12 format          CRITICAL      Critical Message user_id: 1 tr_id: 2 param_id: 3 err_id: 1
2021-12-14 00:49:12 format          CRITICAL      Critical Message user_id: 1 tr_id: 2 param_id: 3
2021-12-14 00:49:12 format          CRITICAL      Error Message user_id: 2c5fbff5-4d5b-4903-b65d-f3fdee87e949 tr_id: ID0001
2021-12-14 00:49:17 format          DEBUG         Debug Message user_id: 1 tr_id: 2 param_id: 3 err_id: 1
2021-12-14 00:49:17 format          INFO          Info Message user_id: 1 tr_id: 2 param_id: 3 err_id: 1
2021-12-14 00:49:17 format          WARNING       Warning Message user_id: 1 tr_id: 2 param_id: 3 err_id: 1
2021-12-14 00:49:17 format          ERROR         Error Message user_id: 1 tr_id: 2 param_id: 3 err_id: 1
2021-12-14 00:49:17 format          CRITICAL      Critical Message user_id: 1 tr_id: 2 param_id: 3 err_id: 1
2021-12-14 00:49:17 format          CRITICAL      Critical Message user_id: 1 tr_id: 2 param_id: 3
2021-12-14 00:49:17 format          CRITICAL      Error Message user_id: 815df615-c56f-43d4-af3f-f0215353e1a7 tr_id: ID0001
2021-12-14 00:49:19 format          DEBUG         Debug Message user_id: 1 tr_id: 2 param_id: 3 err_id: 1
2021-12-14 00:49:19 format          INFO          Info Message user_id: 1 tr_id: 2 param_id: 3 err_id: 1
2021-12-14 00:49:19 format          WARNING       Warning Message user_id: 1 tr_id: 2 param_id: 3 err_id: 1
2021-12-14 00:49:19 format          ERROR         Error Message user_id: 1 tr_id: 2 param_id: 3 err_id: 1
2021-12-14 00:49:19 format          CRITICAL      Critical Message user_id: 1 tr_id: 2 param_id: 3 err_id: 1
2021-12-14 00:49:19 format          CRITICAL      Critical Message user_id: 1 tr_id: 2 param_id: 3
2021-12-14 00:49:19 format          CRITICAL      Error Message user_id: ef7ce19b-d6f7-4f04-9741-63df4aded791 tr_id: ID0001
2021-12-14 00:49:21 format          DEBUG         Debug Message user_id: 1 tr_id: 2 param_id: 3 err_id: 1
2021-12-14 00:49:21 format          INFO          Info Message user_id: 1 tr_id: 2 param_id: 3 err_id: 1
2021-12-14 00:49:21 format          WARNING       Warning Message user_id: 1 tr_id: 2 param_id: 3 err_id: 1
2021-12-14 00:49:21 format          ERROR         Error Message user_id: 1 tr_id: 2 param_id: 3 err_id: 1
2021-12-14 00:49:21 format          CRITICAL      Critical Message user_id: 1 tr_id: 2 param_id: 3 err_id: 1
2021-12-14 00:49:21 format          CRITICAL      Critical Message user_id: 1 tr_id: 2 param_id: 3
2021-12-14 00:49:21 format          CRITICAL      Error Message user_id: 6971d542-2766-4cc0-ab19-cb46d822cdde tr_id: ID0001
2021-12-14 00:49:32 format          DEBUG         Debug Message user_id: 1 tr_id: 2 param_id: 3 err_id: 1
2021-12-14 00:49:32 format          INFO          Info Message user_id: 1 tr_id: 2 param_id: 3 err_id: 1
2021-12-14 00:49:32 format          WARNING       Warning Message user_id: 1 tr_id: 2 param_id: 3 err_id: 1
2021-12-14 00:49:32 format          ERROR         Error Message user_id: 1 tr_id: 2 param_id: 3 err_id: 1
2021-12-14 00:49:32 format          CRITICAL      Critical Message user_id: 1 tr_id: 2 param_id: 3 err_id: 1
2021-12-14 00:49:32 format          CRITICAL      Critical Message user_id: 1 tr_id: 2 param_id: 3
2021-12-14 00:49:32 format          CRITICAL      Error Message user_id: 1b7c7ca4-f279-4d6c-aea5-358ce6a708a2 tr_id: ID0001
2021-12-14 00:49:44 format          DEBUG         Debug Message user_id: 1 tr_id: 2 param_id: 3 err_id: 1
2021-12-14 00:49:44 format          INFO          Info Message user_id: 1 tr_id: 2 param_id: 3 err_id: 1
2021-12-14 00:49:44 format          WARNING       Warning Message user_id: 1 tr_id: 2 param_id: 3 err_id: 1
2021-12-14 00:49:44 format          ERROR         Error Message user_id: 1 tr_id: 2 param_id: 3 err_id: 1
2021-12-14 00:49:44 format          CRITICAL      Critical Message user_id: 1 tr_id: 2 param_id: 3 err_id: 1
2021-12-14 00:49:44 format          CRITICAL      Critical Message user_id: 1 tr_id: 2 param_id: 3
2021-12-14 00:49:44 format          CRITICAL      Error Message user_id: 3c7f7315-68d9-44f2-bdfc-82fc50205ee7 tr_id: ID0001
2021-12-14 00:49:56 format          DEBUG         Debug Message user_id: 1 tr_id: 2 param_id: 3 err_id: 1
2021-12-14 00:49:56 format          INFO          Info Message user_id: 1 tr_id: 2 param_id: 3 err_id: 1
2021-12-14 00:49:56 format          WARNING       Warning Message user_id: 1 tr_id: 2 param_id: 3 err_id: 1
2021-12-14 00:49:56 format          ERROR         Error Message user_id: 1 tr_id: 2 param_id: 3 err_id: 1
2021-12-14 00:49:56 format          CRITICAL      Critical Message user_id: 1 tr_id: 2 param_id: 3 err_id: 1
2021-12-14 00:49:56 format          CRITICAL      Critical Message user_id: 1 tr_id: 2 param_id: 3
2021-12-14 00:49:56 format          CRITICAL      Error Message user_id: 66caa6c4-8e36-48de-8d8b-9c336bc3381d tr_id: ID0001
2021-12-14 00:50:10 format          DEBUG         Debug Message user_id: 1 tr_id: 2 param_id: 3 err_id: 1
2021-12-14 00:50:10 format          INFO          Info Message user_id: 1 tr_id: 2 param_id: 3 err_id: 1
2021-12-14 00:50:10 format          WARNING       Warning Message user_id: 1 tr_id: 2 param_id: 3 err_id: 1
2021-12-14 00:50:10 format          ERROR         Error Message user_id: 1 tr_id: 2 param_id: 3 err_id: 1
2021-12-14 00:50:10 format          CRITICAL      Critical Message user_id: 1 tr_id: 2 param_id: 3 err_id: 1
2021-12-14 00:50:10 format          CRITICAL      Critical Message user_id: 1 tr_id: 2 param_id: 3
2021-12-14 00:50:10 format          CRITICAL      Error Message user_id: e221753c-96e7-47e0-bc56-e0fb6d34928d tr_id: ID0001
2021-12-14 08:46:55 format          DEBUG         Debug Message user_id: 1 tr_id: 2 param_id: 3 err_id: 1
2021-12-14 08:46:55 format          INFO          Info Message user_id: 1 tr_id: 2 param_id: 3 err_id: 1
2021-12-14 08:46:55 format          WARNING       Warning Message user_id: 1 tr_id: 2 param_id: 3 err_id: 1
2021-12-14 08:46:55 format          ERROR         Error Message user_id: 1 tr_id: 2 param_id: 3 err_id: 1
2021-12-14 08:46:55 format          CRITICAL      Critical Message user_id: 1 tr_id: 2 param_id: 3 err_id: 1
2021-12-14 08:46:55 format          CRITICAL      Critical Message user_id: 1 tr_id: 2 param_id: 3
2021-12-14 08:46:55 format          CRITICAL      Error Message user_id: e777d1b2-1b49-4162-8360-343320502703 tr_id: ID0001
2021-12-14 08:48:32 format          DEBUG         Debug Message user_id: 1 tr_id: 2 param_id: 3 err_id: 1
2021-12-14 08:48:32 format          INFO          Info Message user_id: 1 tr_id: 2 param_id: 3 err_id: 1
2021-12-14 08:48:32 format          WARNING       Warning Message user_id: 1 tr_id: 2 param_id: 3 err_id: 1
2021-12-14 08:48:32 format          ERROR         Error Message user_id: 1 tr_id: 2 param_id: 3 err_id: 1
2021-12-14 08:48:32 format          CRITICAL      Critical Message user_id: 1 tr_id: 2 param_id: 3 err_id: 1
2021-12-14 08:48:32 format          CRITICAL      Critical Message user_id: 1 tr_id: 2 param_id: 3
2021-12-14 08:48:32 format          CRITICAL      Error Message user_id: 108f2ff5-a16e-4c85-acb9-18133538ca0b tr_id: ID0001
2021-12-14 08:48:42 format          DEBUG         Debug Message user_id: 1 tr_id: 2 param_id: 3 err_id: 1
2021-12-14 08:48:42 format          INFO          Info Message user_id: 1 tr_id: 2 param_id: 3 err_id: 1
2021-12-14 08:48:42 format          WARNING       Warning Message user_id: 1 tr_id: 2 param_id: 3 err_id: 1
2021-12-14 08:48:42 format          ERROR         Error Message user_id: 1 tr_id: 2 param_id: 3 err_id: 1
2021-12-14 08:48:42 format          CRITICAL      Critical Message user_id: 1 tr_id: 2 param_id: 3 err_id: 1
2021-12-14 08:48:42 format          CRITICAL      Critical Message user_id: 1 tr_id: 2 param_id: 3
2021-12-14 08:48:42 format          CRITICAL      Error Message user_id: 1a5d56cc-b087-4b69-80fd-01939682ae97 tr_id: ID0001
2021-12-14 08:48:44 format          DEBUG         Debug Message user_id: 1 tr_id: 2 param_id: 3 err_id: 1
2021-12-14 08:48:44 format          INFO          Info Message user_id: 1 tr_id: 2 param_id: 3 err_id: 1
2021-12-14 08:48:44 format          WARNING       Warning Message user_id: 1 tr_id: 2 param_id: 3 err_id: 1
2021-12-14 08:48:44 format          ERROR         Error Message user_id: 1 tr_id: 2 param_id: 3 err_id: 1
2021-12-14 08:48:44 format          CRITICAL      Critical Message user_id: 1 tr_id: 2 param_id: 3 err_id: 1
2021-12-14 08:48:44 format          CRITICAL      Critical Message user_id: 1 tr_id: 2 param_id: 3
2021-12-14 08:48:44 format          CRITICAL      Error Message user_id: 58d70e17-2b6a-4148-b9f6-7f5beda27b7d tr_id: ID0001
2021-12-14 08:48:47 format          DEBUG         Debug Message user_id: 1 tr_id: 2 param_id: 3 err_id: 1
2021-12-14 08:48:47 format          INFO          Info Message user_id: 1 tr_id: 2 param_id: 3 err_id: 1
2021-12-14 08:48:47 format          WARNING       Warning Message user_id: 1 tr_id: 2 param_id: 3 err_id: 1
2021-12-14 08:48:47 format          ERROR         Error Message user_id: 1 tr_id: 2 param_id: 3 err_id: 1
2021-12-14 08:48:47 format          CRITICAL      Critical Message user_id: 1 tr_id: 2 param_id: 3 err_id: 1
2021-12-14 08:48:47 format          CRITICAL      Critical Message user_id: 1 tr_id: 2 param_id: 3
2021-12-14 08:48:47 format          CRITICAL      Error Message user_id: 57c5f65d-9297-4e00-8971-25f5953c3882 tr_id: ID0001
2021-12-14 08:48:48 format          DEBUG         Debug Message user_id: 1 tr_id: 2 param_id: 3 err_id: 1
2021-12-14 08:48:48 format          INFO          Info Message user_id: 1 tr_id: 2 param_id: 3 err_id: 1
2021-12-14 08:48:48 format          WARNING       Warning Message user_id: 1 tr_id: 2 param_id: 3 err_id: 1
2021-12-14 08:48:48 format          ERROR         Error Message user_id: 1 tr_id: 2 param_id: 3 err_id: 1
2021-12-14 08:48:48 format          CRITICAL      Critical Message user_id: 1 tr_id: 2 param_id: 3 err_id: 1
2021-12-14 08:48:48 format          CRITICAL      Critical Message user_id: 1 tr_id: 2 param_id: 3
2021-12-14 08:48:48 format          CRITICAL      Error Message user_id: 7d741174-b4c9-4594-8b12-4eab980da25a tr_id: ID0001
2021-12-22 10:52:11 format          DEBUG         Debug Message user_id: 1 tr_id: 2 param_id: 3 err_id: 1
2021-12-22 10:52:11 format          INFO          Info Message user_id: 1 tr_id: 2 param_id: 3 err_id: 1
2021-12-22 10:52:11 format          WARNING       Warning Message user_id: 1 tr_id: 2 param_id: 3 err_id: 1
2021-12-22 10:52:11 format          ERROR         Error Message user_id: 1 tr_id: 2 param_id: 3 err_id: 1
2021-12-22 10:52:11 format          CRITICAL      Critical Message user_id: 1 tr_id: 2 param_id: 3 err_id: 1
2021-12-22 10:52:11 format          CRITICAL      Critical Message user_id: 1 tr_id: 2 param_id: 3
2021-12-22 10:52:11 format          CRITICAL      Error Message user_id: b221a449-75bf-40f7-8bb9-e6f6922d0923 tr_id: ID0001
2021-12-22 10:52:31 format          DEBUG         Debug Message user_id: 1 tr_id: 2 param_id: 3 err_id: 1
2021-12-22 10:52:31 format          INFO          Info Message user_id: 1 tr_id: 2 param_id: 3 err_id: 1
2021-12-22 10:52:31 format          WARNING       Warning Message user_id: 1 tr_id: 2 param_id: 3 err_id: 1
2021-12-22 10:52:31 format          ERROR         Error Message user_id: 1 tr_id: 2 param_id: 3 err_id: 1
2021-12-22 10:52:31 format          CRITICAL      Critical Message user_id: 1 tr_id: 2 param_id: 3 err_id: 1
2021-12-22 10:52:31 format          CRITICAL      Critical Message user_id: 1 tr_id: 2 param_id: 3
2021-12-22 10:52:31 format          CRITICAL      Error Message user_id: 5077f8a6-f124-40b6-9849-a905a3b7dd19 tr_id: ID0001
